[01-Jul-2024 07:11:44 Europe/Berlin] Intentando crear un ZIP desde: C:\xampp\htdocs\Sistema_UNAL\docs\docentes_ocasionales\MonicaSarmiento_51898264 hacia: C:\Users\Usuario FCE\AppData\Local\Temp\zipE0A0.tmp
[01-Jul-2024 07:11:44 Europe/Berlin] Directorio fuente: C:/xampp/htdocs/Sistema_UNAL/docs/docentes_ocasionales/MonicaSarmiento_51898264
[01-Jul-2024 07:11:44 Europe/Berlin] Archivo ZIP creado con éxito.
[01-Jul-2024 07:11:44 Europe/Berlin] El archivo ZIP no se encontró después de la creación.
[01-Jul-2024 07:12:49 Europe/Berlin] Intentando crear un ZIP desde: C:\xampp\htdocs\Sistema_UNAL\docs\docentes_ocasionales\MonicaSarmiento_51898264 hacia: C:\Users\Usuario FCE\AppData\Local\Temp\zipDF06.tmp
[01-Jul-2024 07:12:49 Europe/Berlin] Directorio fuente: C:/xampp/htdocs/Sistema_UNAL/docs/docentes_ocasionales/MonicaSarmiento_51898264
[01-Jul-2024 07:12:49 Europe/Berlin] Archivo ZIP creado con éxito.
[01-Jul-2024 07:12:49 Europe/Berlin] El archivo ZIP no se encontró después de la creación.
[01-Jul-2024 07:13:49 Europe/Berlin] Intentando crear un ZIP desde: C:\xampp\htdocs\Sistema_UNAL\docs\docentes_ocasionales\MonicaSarmiento_51898264 hacia: C:\Users\Usuario FCE\AppData\Local\Temp\zipC9A6.tmp
[01-Jul-2024 07:13:49 Europe/Berlin] Directorio fuente: C:/xampp/htdocs/Sistema_UNAL/docs/docentes_ocasionales/MonicaSarmiento_51898264
[01-Jul-2024 07:13:49 Europe/Berlin] Procesando archivo: C:\xampp\htdocs\Sistema_UNAL\docs\docentes_ocasionales\MonicaSarmiento_51898264\Hoja_de_Vida
[01-Jul-2024 07:13:49 Europe/Berlin] Añadiendo directorio: C:\xampp\htdocs\Sistema_UNAL\docs\docentes_ocasionales\MonicaSarmiento_51898264\Hoja_de_Vida/
[01-Jul-2024 07:13:49 Europe/Berlin] Procesando archivo: C:\xampp\htdocs\Sistema_UNAL\docs\docentes_ocasionales\MonicaSarmiento_51898264\Hoja_de_Vida\AntecedenteFiscalContraloria.pdf
[01-Jul-2024 07:13:49 Europe/Berlin] Añadiendo archivo: C:\xampp\htdocs\Sistema_UNAL\docs\docentes_ocasionales\MonicaSarmiento_51898264\Hoja_de_Vida\AntecedenteFiscalContraloria.pdf
[01-Jul-2024 07:13:49 Europe/Berlin] Procesando archivo: C:\xampp\htdocs\Sistema_UNAL\docs\docentes_ocasionales\MonicaSarmiento_51898264\Hoja_de_Vida\AntecedenteJudicialPoliciaNal.pdf
[01-Jul-2024 07:13:49 Europe/Berlin] Añadiendo archivo: C:\xampp\htdocs\Sistema_UNAL\docs\docentes_ocasionales\MonicaSarmiento_51898264\Hoja_de_Vida\AntecedenteJudicialPoliciaNal.pdf
[01-Jul-2024 07:13:49 Europe/Berlin] Procesando archivo: C:\xampp\htdocs\Sistema_UNAL\docs\docentes_ocasionales\MonicaSarmiento_51898264\Hoja_de_Vida\AntecedentesDisciplinariosProcuraduria.pdf
[01-Jul-2024 07:13:49 Europe/Berlin] Añadiendo archivo: C:\xampp\htdocs\Sistema_UNAL\docs\docentes_ocasionales\MonicaSarmiento_51898264\Hoja_de_Vida\AntecedentesDisciplinariosProcuraduria.pdf
[01-Jul-2024 07:13:49 Europe/Berlin] Procesando archivo: C:\xampp\htdocs\Sistema_UNAL\docs\docentes_ocasionales\MonicaSarmiento_51898264\Hoja_de_Vida\AutorizacionNotificacionCorreoElec.pdf
[01-Jul-2024 07:13:49 Europe/Berlin] Añadiendo archivo: C:\xampp\htdocs\Sistema_UNAL\docs\docentes_ocasionales\MonicaSarmiento_51898264\Hoja_de_Vida\AutorizacionNotificacionCorreoElec.pdf
[01-Jul-2024 07:13:49 Europe/Berlin] Procesando archivo: C:\xampp\htdocs\Sistema_UNAL\docs\docentes_ocasionales\MonicaSarmiento_51898264\Hoja_de_Vida\AutorizacionTratamientoDatPer.pdf
[01-Jul-2024 07:13:49 Europe/Berlin] Añadiendo archivo: C:\xampp\htdocs\Sistema_UNAL\docs\docentes_ocasionales\MonicaSarmiento_51898264\Hoja_de_Vida\AutorizacionTratamientoDatPer.pdf
[01-Jul-2024 07:13:49 Europe/Berlin] Procesando archivo: C:\xampp\htdocs\Sistema_UNAL\docs\docentes_ocasionales\MonicaSarmiento_51898264\Hoja_de_Vida\AvalSST.pdf
[01-Jul-2024 07:13:49 Europe/Berlin] Añadiendo archivo: C:\xampp\htdocs\Sistema_UNAL\docs\docentes_ocasionales\MonicaSarmiento_51898264\Hoja_de_Vida\AvalSST.pdf
[01-Jul-2024 07:13:49 Europe/Berlin] Procesando archivo: C:\xampp\htdocs\Sistema_UNAL\docs\docentes_ocasionales\MonicaSarmiento_51898264\Hoja_de_Vida\CertificadoSegundaLengua.pdf
[01-Jul-2024 07:13:49 Europe/Berlin] Añadiendo archivo: C:\xampp\htdocs\Sistema_UNAL\docs\docentes_ocasionales\MonicaSarmiento_51898264\Hoja_de_Vida\CertificadoSegundaLengua.pdf
[01-Jul-2024 07:13:49 Europe/Berlin] Procesando archivo: C:\xampp\htdocs\Sistema_UNAL\docs\docentes_ocasionales\MonicaSarmiento_51898264\Hoja_de_Vida\CompromisoInstitucionalVinculacion.pdf
[01-Jul-2024 07:13:49 Europe/Berlin] Añadiendo archivo: C:\xampp\htdocs\Sistema_UNAL\docs\docentes_ocasionales\MonicaSarmiento_51898264\Hoja_de_Vida\CompromisoInstitucionalVinculacion.pdf
[01-Jul-2024 07:13:49 Europe/Berlin] Procesando archivo: C:\xampp\htdocs\Sistema_UNAL\docs\docentes_ocasionales\MonicaSarmiento_51898264\Hoja_de_Vida\DeclaracionJuramentadaLey4de1992.pdf
[01-Jul-2024 07:13:49 Europe/Berlin] Añadiendo archivo: C:\xampp\htdocs\Sistema_UNAL\docs\docentes_ocasionales\MonicaSarmiento_51898264\Hoja_de_Vida\DeclaracionJuramentadaLey4de1992.pdf
[01-Jul-2024 07:13:49 Europe/Berlin] Procesando archivo: C:\xampp\htdocs\Sistema_UNAL\docs\docentes_ocasionales\MonicaSarmiento_51898264\Hoja_de_Vida\ExperienciaLaboral.pdf
[01-Jul-2024 07:13:49 Europe/Berlin] Añadiendo archivo: C:\xampp\htdocs\Sistema_UNAL\docs\docentes_ocasionales\MonicaSarmiento_51898264\Hoja_de_Vida\ExperienciaLaboral.pdf
[01-Jul-2024 07:13:49 Europe/Berlin] Procesando archivo: C:\xampp\htdocs\Sistema_UNAL\docs\docentes_ocasionales\MonicaSarmiento_51898264\Hoja_de_Vida\FotocopiaLibretaMilitar.pdf
[01-Jul-2024 07:13:49 Europe/Berlin] Añadiendo archivo: C:\xampp\htdocs\Sistema_UNAL\docs\docentes_ocasionales\MonicaSarmiento_51898264\Hoja_de_Vida\FotocopiaLibretaMilitar.pdf
[01-Jul-2024 07:13:49 Europe/Berlin] Procesando archivo: C:\xampp\htdocs\Sistema_UNAL\docs\docentes_ocasionales\MonicaSarmiento_51898264\Hoja_de_Vida\HojaVidaFuncionPublica.pdf
[01-Jul-2024 07:13:49 Europe/Berlin] Añadiendo archivo: C:\xampp\htdocs\Sistema_UNAL\docs\docentes_ocasionales\MonicaSarmiento_51898264\Hoja_de_Vida\HojaVidaFuncionPublica.pdf
[01-Jul-2024 07:13:49 Europe/Berlin] Procesando archivo: C:\xampp\htdocs\Sistema_UNAL\docs\docentes_ocasionales\MonicaSarmiento_51898264\Hoja_de_Vida\MatriculaProfesional.pdf
[01-Jul-2024 07:13:49 Europe/Berlin] Añadiendo archivo: C:\xampp\htdocs\Sistema_UNAL\docs\docentes_ocasionales\MonicaSarmiento_51898264\Hoja_de_Vida\MatriculaProfesional.pdf
[01-Jul-2024 07:13:49 Europe/Berlin] Procesando archivo: C:\xampp\htdocs\Sistema_UNAL\docs\docentes_ocasionales\MonicaSarmiento_51898264\Hoja_de_Vida\TarjetaProfesional.pdf
[01-Jul-2024 07:13:49 Europe/Berlin] Añadiendo archivo: C:\xampp\htdocs\Sistema_UNAL\docs\docentes_ocasionales\MonicaSarmiento_51898264\Hoja_de_Vida\TarjetaProfesional.pdf
[01-Jul-2024 07:13:49 Europe/Berlin] Procesando archivo: C:\xampp\htdocs\Sistema_UNAL\docs\docentes_ocasionales\MonicaSarmiento_51898264\Hoja_de_Vida\VerificacionInhabilidadDelitoSexual.pdf
[01-Jul-2024 07:13:49 Europe/Berlin] Añadiendo archivo: C:\xampp\htdocs\Sistema_UNAL\docs\docentes_ocasionales\MonicaSarmiento_51898264\Hoja_de_Vida\VerificacionInhabilidadDelitoSexual.pdf
[01-Jul-2024 07:13:49 Europe/Berlin] Procesando archivo: C:\xampp\htdocs\Sistema_UNAL\docs\docentes_ocasionales\MonicaSarmiento_51898264\Hoja_de_Vida\VisaExtranjeria.pdf
[01-Jul-2024 07:13:49 Europe/Berlin] Añadiendo archivo: C:\xampp\htdocs\Sistema_UNAL\docs\docentes_ocasionales\MonicaSarmiento_51898264\Hoja_de_Vida\VisaExtranjeria.pdf
[01-Jul-2024 07:13:49 Europe/Berlin] Procesando archivo: C:\xampp\htdocs\Sistema_UNAL\docs\docentes_ocasionales\MonicaSarmiento_51898264\Vinculacion
[01-Jul-2024 07:13:49 Europe/Berlin] Añadiendo directorio: C:\xampp\htdocs\Sistema_UNAL\docs\docentes_ocasionales\MonicaSarmiento_51898264\Vinculacion/
[01-Jul-2024 07:13:49 Europe/Berlin] Procesando archivo: C:\xampp\htdocs\Sistema_UNAL\docs\docentes_ocasionales\MonicaSarmiento_51898264\Vinculacion\AsignaturasDiasHorarios.pdf
[01-Jul-2024 07:13:49 Europe/Berlin] Añadiendo archivo: C:\xampp\htdocs\Sistema_UNAL\docs\docentes_ocasionales\MonicaSarmiento_51898264\Vinculacion\AsignaturasDiasHorarios.pdf
[01-Jul-2024 07:13:49 Europe/Berlin] Procesando archivo: C:\xampp\htdocs\Sistema_UNAL\docs\docentes_ocasionales\MonicaSarmiento_51898264\Vinculacion\CedulaCiudadania.pdf
[01-Jul-2024 07:13:49 Europe/Berlin] Añadiendo archivo: C:\xampp\htdocs\Sistema_UNAL\docs\docentes_ocasionales\MonicaSarmiento_51898264\Vinculacion\CedulaCiudadania.pdf
[01-Jul-2024 07:13:49 Europe/Berlin] Procesando archivo: C:\xampp\htdocs\Sistema_UNAL\docs\docentes_ocasionales\MonicaSarmiento_51898264\Vinculacion\CertificadoAfiliacionFondoPensiones.pdf
[01-Jul-2024 07:13:49 Europe/Berlin] Añadiendo archivo: C:\xampp\htdocs\Sistema_UNAL\docs\docentes_ocasionales\MonicaSarmiento_51898264\Vinculacion\CertificadoAfiliacionFondoPensiones.pdf
[01-Jul-2024 07:13:49 Europe/Berlin] Procesando archivo: C:\xampp\htdocs\Sistema_UNAL\docs\docentes_ocasionales\MonicaSarmiento_51898264\Vinculacion\CertificadoAfiliacionUltimaEPS.pdf
[01-Jul-2024 07:13:49 Europe/Berlin] Añadiendo archivo: C:\xampp\htdocs\Sistema_UNAL\docs\docentes_ocasionales\MonicaSarmiento_51898264\Vinculacion\CertificadoAfiliacionUltimaEPS.pdf
[01-Jul-2024 07:13:49 Europe/Berlin] Procesando archivo: C:\xampp\htdocs\Sistema_UNAL\docs\docentes_ocasionales\MonicaSarmiento_51898264\Vinculacion\CertificadoCuentaBancaria.pdf
[01-Jul-2024 07:13:49 Europe/Berlin] Añadiendo archivo: C:\xampp\htdocs\Sistema_UNAL\docs\docentes_ocasionales\MonicaSarmiento_51898264\Vinculacion\CertificadoCuentaBancaria.pdf
[01-Jul-2024 07:13:49 Europe/Berlin] Procesando archivo: C:\xampp\htdocs\Sistema_UNAL\docs\docentes_ocasionales\MonicaSarmiento_51898264\Vinculacion\DeclaPensionadoSolPensionenTramite.pdf
[01-Jul-2024 07:13:49 Europe/Berlin] Añadiendo archivo: C:\xampp\htdocs\Sistema_UNAL\docs\docentes_ocasionales\MonicaSarmiento_51898264\Vinculacion\DeclaPensionadoSolPensionenTramite.pdf
[01-Jul-2024 07:13:49 Europe/Berlin] Procesando archivo: C:\xampp\htdocs\Sistema_UNAL\docs\docentes_ocasionales\MonicaSarmiento_51898264\Vinculacion\FormatoAfiliacionSeguridadSocial.pdf
[01-Jul-2024 07:13:49 Europe/Berlin] Añadiendo archivo: C:\xampp\htdocs\Sistema_UNAL\docs\docentes_ocasionales\MonicaSarmiento_51898264\Vinculacion\FormatoAfiliacionSeguridadSocial.pdf
[01-Jul-2024 07:13:49 Europe/Berlin] Procesando archivo: C:\xampp\htdocs\Sistema_UNAL\docs\docentes_ocasionales\MonicaSarmiento_51898264\Vinculacion\FormularioAfiliacionEps.pdf
[01-Jul-2024 07:13:49 Europe/Berlin] Añadiendo archivo: C:\xampp\htdocs\Sistema_UNAL\docs\docentes_ocasionales\MonicaSarmiento_51898264\Vinculacion\FormularioAfiliacionEps.pdf
[01-Jul-2024 07:13:49 Europe/Berlin] Procesando archivo: C:\xampp\htdocs\Sistema_UNAL\docs\docentes_ocasionales\MonicaSarmiento_51898264\Vinculacion\FormularioAfiliacionPension.pdf
[01-Jul-2024 07:13:49 Europe/Berlin] Añadiendo archivo: C:\xampp\htdocs\Sistema_UNAL\docs\docentes_ocasionales\MonicaSarmiento_51898264\Vinculacion\FormularioAfiliacionPension.pdf
[01-Jul-2024 07:13:49 Europe/Berlin] Procesando archivo: C:\xampp\htdocs\Sistema_UNAL\docs\docentes_ocasionales\MonicaSarmiento_51898264\Vinculacion\ResolucionNombramiento.pdf
[01-Jul-2024 07:13:49 Europe/Berlin] Añadiendo archivo: C:\xampp\htdocs\Sistema_UNAL\docs\docentes_ocasionales\MonicaSarmiento_51898264\Vinculacion\ResolucionNombramiento.pdf
[01-Jul-2024 07:13:49 Europe/Berlin] Archivo ZIP creado con éxito.
[01-Jul-2024 07:13:49 Europe/Berlin] Archivo ZIP verificado y encontrado: C:\Users\Usuario FCE\AppData\Local\Temp\zipC9A6.tmp
[01-Jul-2024 07:13:49 Europe/Berlin] Archivo ZIP movido y encontrado: ../../docs/docentes_ocasionales/MonicaSarmiento_51898264.zip
